<?xml version="1.0" encoding="UTF-8"?>
<beans 	xmlns="http://www.springframework.org/schema/beans"
		xmlns:xsi="http://www.w3.org/2001/XMLSchema-instance"
		xsi:schemaLocation="http://www.springframework.org/schema/beans
		http://www.springframework.org/schema/beans/spring-beans-3.2.xsd">

<bean id="manager" class="com.balionis.spring3.service.AppManagerImpl">
	<property name="propertyDAO" ref="propertyDAO" />
	<property name="modelDAO" ref="modelDAO1" />
</bean>

<bean id="modelDAO1" class="com.balionis.spring3.service.repository.AppModelDAOImpl1">
	<property name="dataSource" ref="dataSource" />
</bean>

<bean id="modelDAO2" class="com.balionis.spring3.service.repository.AppModelDAOImpl2">
	<property name="sessionFactory" ref="sessionFactory"/>
</bean>

<bean id="propertyDAO" class="com.balionis.spring3.service.repository.AppPropertyDAOImpl">
	<property name="dataSource" ref="dataSource" />
	<property name="propertyCode" value="templateSequence"/>
</bean>

<bean id="dataSource" class="org.springframework.jdbc.datasource.DriverManagerDataSource">
	<property name="driverClassName" value="${jdbc.driverClassName}"/>
	<property name="url" value="${jdbc.url}"/>
	<property name="username" value="${jdbc.username}"/>
	<property name="password" value="${jdbc.password}"/>
</bean>

<bean id="propertyConfigurer" class="org.springframework.beans.factory.config.PropertyPlaceholderConfigurer">
	<property name="locations">
		<list>
			<value>classpath:test-jdbc.properties</value>
		</list>
	</property>
</bean>

<bean id="transactionManager" class="org.springframework.jdbc.datasource.DataSourceTransactionManager">
	<property name="dataSource" ref="dataSource" />
</bean>

<bean id="sessionFactory" class="org.springframework.orm.hibernate3.LocalSessionFactoryBean">
	<property name="dataSource" ref="dataSource"/>
	<property name="configLocation" value="classpath:hibernate.cfg.xml"/>
</bean>
</beans>